
Daniel Shevchyk. Lab4. 

Cylinder 1
The radius is:        3.000
The height is:        4.000
The top area is:     28.274
The volume is:      113.097

Cylinder 2
The radius is:        5.000
The height is:       14.200
The top area is:     78.540
The volume is:     1115.265

Cylinder 3
The radius is:       50.000
The height is:        2.000
The top area is:   7853.982
The volume is:    15707.963

Cylinder 4
The radius is:       50.000
The height is:       10.000
The top area is:   7853.982
The volume is:    78539.816
